0 info it worked if it ends with ok
1 verbose cli [ 'node', '/usr/local/bin/npm', 'install', 'titanium', '-g' ]
2 info using npm@1.3.11
3 info using node@v0.10.20
4 verbose cache add [ 'titanium', null ]
5 verbose cache add name=undefined spec="titanium" args=["titanium",null]
6 verbose parsed url { protocol: null,
6 verbose parsed url   slashes: null,
6 verbose parsed url   auth: null,
6 verbose parsed url   host: null,
6 verbose parsed url   port: null,
6 verbose parsed url   hostname: null,
6 verbose parsed url   hash: null,
6 verbose parsed url   search: null,
6 verbose parsed url   query: null,
6 verbose parsed url   pathname: 'titanium',
6 verbose parsed url   path: 'titanium',
6 verbose parsed url   href: 'titanium' }
7 silly lockFile 18c4df8b-titanium titanium
8 verbose lock titanium /Users/Sador/.npm/18c4df8b-titanium.lock
9 silly lockFile 18c4df8b-titanium titanium
10 verbose addNamed [ 'titanium', '' ]
11 verbose addNamed [ null, '*' ]
12 silly lockFile 9f6b1b6d-titanium titanium@
13 verbose lock titanium@ /Users/Sador/.npm/9f6b1b6d-titanium.lock
14 silly lockFile 9f6b1b6d-titanium titanium@
15 error Error: EACCES, open '/Users/Sador/.npm/9f6b1b6d-titanium.lock'
15 error  { [Error: EACCES, open '/Users/Sador/.npm/9f6b1b6d-titanium.lock']
15 error   errno: 3,
15 error   code: 'EACCES',
15 error   path: '/Users/Sador/.npm/9f6b1b6d-titanium.lock' }
16 error Please try running this command again as root/Administrator.
17 error System Darwin 12.5.0
18 error command "node" "/usr/local/bin/npm" "install" "titanium" "-g"
19 error cwd /Users/Sador/Documents/VFW1310/Rodas_Reinel_Project1
20 error node -v v0.10.20
21 error npm -v 1.3.11
22 error path /Users/Sador/.npm/9f6b1b6d-titanium.lock
23 error code EACCES
24 error errno 3
25 error stack Error: EACCES, open '/Users/Sador/.npm/9f6b1b6d-titanium.lock'
26 verbose exit [ 3, true ]
